[22/07/2025 00:35:05] /i 2707
[22/07/2025 02:22:40] /i 2817
[22/07/2025 02:24:37] /i 2818
[22/07/2025 02:26:49] /i 365
[22/07/2025 02:35:10] /i 2982
[22/07/2025 02:35:25] /t
[27/07/2025 15:42:49] /a 2
[27/07/2025 15:43:12] /s Sam colecionador
[27/07/2025 15:43:33] /s sam comprador
[27/07/2025 15:43:49] /s Sam colecionador
[27/07/2025 15:50:58] /s sam comprador
[27/07/2025 16:01:06] /reload npc
[27/07/2025 16:05:34] /reload npc
[27/07/2025 16:09:01] /reload npc
[27/07/2025 16:10:14] /m snorlax
[27/07/2025 16:11:36] /m snorlax
[27/07/2025 16:13:16] /m snorlax
[27/07/2025 16:13:18] /m snorlax
[27/07/2025 16:14:03] /m snorlax
[27/07/2025 16:14:05] /m snorlax
[27/07/2025 16:14:06] /m snorlax
[27/07/2025 16:14:15] /s moltres
[27/07/2025 16:14:38] /i 11965
[27/07/2025 16:15:25] /r
[27/07/2025 16:15:48] /m charmander
[27/07/2025 16:15:48] /m charmander
[27/07/2025 16:15:48] /m charmander
[27/07/2025 16:15:48] /m charmander
[27/07/2025 16:15:48] /m charmander
[27/07/2025 16:15:48] /m charmander
[27/07/2025 16:15:48] /m charmander
[27/07/2025 16:16:04] /m charmander
[27/07/2025 16:16:04] /m charmander
[27/07/2025 16:16:04] /m charmander
[27/07/2025 16:16:04] /m charmander
[27/07/2025 16:16:04] /m charmander
[27/07/2025 16:16:04] /m charmander
[27/07/2025 16:16:05] /m charmander
[27/07/2025 16:16:05] /m charmander
[27/07/2025 16:16:05] /m charmander
[27/07/2025 16:16:05] /m charmander
[27/07/2025 16:16:05] /m charmander
[27/07/2025 16:16:05] /m charmander
[27/07/2025 16:16:39] /m charmander
[27/07/2025 16:16:39] /m charmander
[27/07/2025 16:16:39] /m charmander
[27/07/2025 16:16:39] /m charmander
[27/07/2025 16:16:39] /m charmander
[27/07/2025 16:16:39] /m charmander
[27/07/2025 16:16:40] /m charmander
[27/07/2025 16:17:53] /m charmander
[27/07/2025 16:18:40] /i 6569
[27/07/2025 16:24:08] /reload npc
[27/07/2025 16:28:02] /reload npc
[27/07/2025 16:32:27] /reload npc
[27/07/2025 16:38:14] /reload npc
[27/07/2025 16:38:50] /reload creaturescript
[27/07/2025 16:42:53] /reload creaturescript
[27/07/2025 16:43:34] /reload creaturescript
[27/07/2025 16:44:33] /reload creaturescript
[27/07/2025 16:45:29] /reload creaturescript
[27/07/2025 16:45:42] /reload creaturescript
[27/07/2025 16:46:58] /reload creaturescript
[27/07/2025 16:54:59] /reload npc
[27/07/2025 16:55:45] /c jynx
[27/07/2025 16:58:25] /reload creaturescript
[27/07/2025 16:59:51] /reload creaturescript
[27/07/2025 17:00:13] /reload creaturescript
[27/07/2025 17:00:54] /reload creaturescript
[27/07/2025 17:01:37] /i 6569
[27/07/2025 17:02:58] /reload npc
[27/07/2025 17:05:42] /reload npc
[27/07/2025 17:10:32] /reload npc
[27/07/2025 17:22:11] /reload npc
[27/07/2025 17:31:32] /reload npc
[27/07/2025 17:39:31] /reload npc
[27/07/2025 17:40:11] /reload npc
[27/07/2025 17:45:50] /reload npc
[27/07/2025 17:47:59] /reload npc
[27/07/2025 17:52:11] /reload npc
[27/07/2025 17:53:55] /reload npc
[27/07/2025 20:27:40] /reload npc
[27/07/2025 20:30:16] /reload npc
[27/07/2025 20:34:20] /reload npc
[27/07/2025 20:36:47] /reload npc
[27/07/2025 20:39:56] /reload npc
[27/07/2025 20:44:43] /reload npc
[27/07/2025 20:54:00] /reload npc
[27/07/2025 20:57:24] /reload npc
[27/07/2025 20:58:44] /reload npc
[27/07/2025 21:07:22] /reload npc
[27/07/2025 21:12:22] /reload npc
[27/07/2025 21:14:29] /reload npc
[27/07/2025 21:17:28] /reload npc
[27/07/2025 21:18:26] /reload npc
[27/07/2025 21:19:15] /reload npc
[27/07/2025 21:27:43] /reload npc
[27/07/2025 21:40:04] /reload npc
[27/07/2025 21:43:21] /reload scripts
[27/07/2025 21:43:25] /reload npc
[27/07/2025 21:44:53] /reload npc
[27/07/2025 21:45:41] /reload npc
[27/07/2025 21:47:15] /reload scripts
[27/07/2025 21:47:32] /reload npc]
[27/07/2025 21:48:25] /reload npc
[27/07/2025 21:49:41] /reload npc
[27/07/2025 21:50:37] /storage
[27/07/2025 21:50:45] /storage Tungs
[27/07/2025 21:50:50] /storage Tungs,1000
[27/07/2025 21:51:02] /storage Tungs,add,1000
[27/07/2025 21:51:06] /storage Tungs,1000
[27/07/2025 21:51:21] /storage Tungs,1000,1
[27/07/2025 21:51:25] /storage Tungs,1000
[27/07/2025 21:52:18] /reload npc
[27/07/2025 21:54:02] /storage Tungs,1000,-1
[27/07/2025 21:54:08] /storage Tungs,1000
[27/07/2025 21:59:59] /reload npc
[27/07/2025 22:00:42] /reload npc
[27/07/2025 22:08:19] /reload npc
[27/07/2025 22:10:22] /reload npc
[27/07/2025 22:12:16] /reload actions
[27/07/2025 22:15:25] /reload actions
[27/07/2025 22:17:32] /reload actions
[27/07/2025 22:18:48] /i 15128
[27/07/2025 22:45:39] /goto namer
[28/07/2025 15:48:40] /a
[28/07/2025 15:49:07] /level
[28/07/2025 15:49:14] /level Tungs
[28/07/2025 15:49:28] /level Tungs,164
[28/07/2025 15:49:34] /level Tungs,170
[28/07/2025 15:49:41] /level Tungs,100
[28/07/2025 15:49:48] /level Tungs,170
[28/07/2025 15:49:51] /level Tungs,100
[28/07/2025 15:49:53] /level Tungs,170
[28/07/2025 15:50:15] /writeTable
[28/07/2025 15:51:21] /goto guru
[28/07/2025 15:56:42] /i 
[28/07/2025 15:56:47] /i 12161
[28/07/2025 16:00:54] /i 10223
[28/07/2025 16:01:49] /i 3070
[28/07/2025 16:02:21] /i 3075
[28/07/2025 16:07:40] /pos 1237, y=616, z=8
[28/07/2025 16:07:51] /pos 1237, 616, 8
[28/07/2025 16:07:55] /pos 1237, 616, 8
[28/07/2025 16:08:20] !pos 1237, 616, 8
[28/07/2025 16:08:35] !pos Tungs
[28/07/2025 16:08:59] /pos 1237,616,8
[28/07/2025 16:09:30] /send 1237,616,8
[28/07/2025 16:09:38] /send 1237, 616, 8
[28/07/2025 16:09:52] /wp
[28/07/2025 16:15:25] !pos 1237 616 8
[28/07/2025 16:15:30] /pos 1237 616 8
[28/07/2025 16:16:17] /pos tungs,1237 616 8
[28/07/2025 16:16:21] /pos tungs
[28/07/2025 16:17:00] /send 1237, 616, 8
[28/07/2025 16:18:27] /send {x = 1237, y = 616, z = 8}
[28/07/2025 16:18:32] /send x = 1237, y = 616, z = 8
[28/07/2025 16:18:41] /send x 1237, y 616, z 8
[28/07/2025 16:18:47] /send 
[28/07/2025 16:18:50] /send
[28/07/2025 16:18:54] /send Tungs
[28/07/2025 16:20:09] /c 1237 616 8
[28/07/2025 16:20:24] /c 1237, 616, 8
[28/07/2025 16:20:30] /pos 1237, 616, 8
[28/07/2025 16:20:40] /send 1237, 616, 8
[28/07/2025 16:20:46] /send 1237,616,8
[28/07/2025 16:20:58] /send 1237 616 8
[28/07/2025 16:22:14] /reload talkactions
[28/07/2025 16:23:16] /reload talkactions
[28/07/2025 16:23:18] /ttt
[28/07/2025 16:23:47] /reload talkactions
[28/07/2025 16:23:49] /ttt
[28/07/2025 16:24:51] /reload talkactions
[28/07/2025 16:24:54] /ttt
[28/07/2025 16:26:41] /reload talkactions
[28/07/2025 16:26:43] /ttt
[28/07/2025 16:27:05] /reload talkactions
[28/07/2025 16:27:06] /ttt
[28/07/2025 16:27:32] /ttt 1030, 761, 7
[28/07/2025 16:29:10] /reload talkactions
[28/07/2025 16:29:12] /ttt 1030, 761, 7
[28/07/2025 16:35:36] /send
[28/07/2025 16:35:45] /send 1030 762 7
[28/07/2025 16:35:53] /send 1030,762,7
[28/07/2025 16:36:11] /send x1030,y762,z7
[28/07/2025 16:36:18] /send x1030y762z7
[28/07/2025 16:36:31] /send Tungs
[28/07/2025 16:37:34] /reload talkactions
[28/07/2025 16:37:48] /ttt 1031,762,7
[28/07/2025 16:40:47] /reload talkactions
[28/07/2025 16:40:49] /ttt 1031,762,7
[28/07/2025 16:41:41] /reload talkactions
[28/07/2025 16:41:43] /ttt 1031,762,7
[28/07/2025 16:43:25] /send x = 1031, y = 762, z = 7
[28/07/2025 16:43:42] /send 1031, 762, 7
[28/07/2025 16:43:45] /send 1031, 762,7
[28/07/2025 16:43:49] /send 1031,762,7
[28/07/2025 16:44:03] /send x 1031, y 762, z 7
[28/07/2025 16:44:13] /send x 1031,y 762,z 7
[28/07/2025 16:47:50] /attr pos, 
[28/07/2025 16:47:54] /t
[28/07/2025 16:48:02] /i 1387
[28/07/2025 16:48:18] /attr pos 1034, 1022, 7
[28/07/2025 16:48:30] /attr position 1034, 1022, 7
[28/07/2025 16:48:48] /attr pos, 1034,1022,7
[28/07/2025 16:48:56] /attr pos 1034,1022,7
[28/07/2025 16:49:10] /attr position 1034,1022,7
[28/07/2025 16:49:18] /attr position, 1034,1022,7
[28/07/2025 16:49:53] /attr position 1034,1022,7
[28/07/2025 16:50:29] /r
[28/07/2025 16:50:41] /attr text 55555
[28/07/2025 16:50:50] /attr text,55555
[28/07/2025 16:50:57] /attr text, 55555
[28/07/2025 16:51:05] /attr text" 55555
[28/07/2025 16:51:10] /attr text"55555
[28/07/2025 16:51:20] /attr text "55555
[28/07/2025 16:51:26] /attr text, "55555
[28/07/2025 16:51:41] /attr ,text"55555
[28/07/2025 16:51:51] /attr ,text 55555
[28/07/2025 16:52:02] /attr text 55555
[28/07/2025 16:54:45] /reload scripts
[28/07/2025 16:54:51] /reload talkactions
[28/07/2025 16:54:59] /ttt
[28/07/2025 16:57:25] /t 1041,1020,7
[28/07/2025 16:57:37] /t tungs
[28/07/2025 16:58:41] !pos 
[28/07/2025 16:58:59] /send  [X: 1032 | Y: 1024 | Z: 7]
[28/07/2025 16:59:11] /send  X: 1032 Y: 1024 Z: 7
[28/07/2025 16:59:25] /send  X 1032 Y 1024 Z 7
[28/07/2025 17:01:02] /reload talkactions
[28/07/2025 17:01:23] !ausente
[28/07/2025 17:01:37] !ausente
[28/07/2025 17:01:38] !ausente
[28/07/2025 17:25:54] /reload talkactions
[28/07/2025 17:25:59] !ausente
[28/07/2025 17:27:16] /reload talkactions
[28/07/2025 17:27:19] !ausente
[28/07/2025 17:29:08] !ausente
[28/07/2025 17:29:15] !ausente
[28/07/2025 17:29:25] !ausente
[28/07/2025 17:30:28] /reload talkactions
[28/07/2025 17:30:31] !ausente
[28/07/2025 17:30:37] !ausente
[28/07/2025 17:31:42] /reload talkactions
[28/07/2025 17:31:45] !ausente
[28/07/2025 17:31:50] !ausente
[28/07/2025 17:32:05] !ausente
[28/07/2025 17:32:55] /reload talkactions
[28/07/2025 17:32:56] !ausente
[28/07/2025 17:33:36] /reload talkactions
[28/07/2025 17:33:39] !ausente
[28/07/2025 17:34:42] /reload talkactions
[28/07/2025 17:34:44] !ausente
[28/07/2025 17:34:49] !ausente
[28/07/2025 17:38:25] /cb charizard
[28/07/2025 17:42:23] /t
[28/07/2025 17:46:26] /i 12332
[28/07/2025 17:46:45] /i 12330
[28/07/2025 17:46:55] /i 14583
[28/07/2025 17:47:05] /reload actions
[28/07/2025 17:51:12] /c lima
[28/07/2025 18:00:15] /reload actions
[28/07/2025 18:00:53] /spy Lima
[28/07/2025 18:04:12] /i 2036
[28/07/2025 18:18:45] /i 17251
[28/07/2025 18:20:41] /reload actions
[28/07/2025 18:22:33] /reload actions
[28/07/2025 18:22:58] /reload actions
[28/07/2025 18:24:25] /reload actions
[28/07/2025 18:25:10] /reload actions
[28/07/2025 18:25:49] /reload actions
[28/07/2025 18:25:59] /up
[28/07/2025 18:26:01] /up
[28/07/2025 18:26:03] /up
[28/07/2025 18:26:04] /up
[28/07/2025 18:26:07] /up
[28/07/2025 18:26:10] /up
[28/07/2025 18:26:12] /up
[28/07/2025 18:26:13] /up
[28/07/2025 18:27:05] /t
[28/07/2025 18:28:18] /reload talkactions
[28/07/2025 18:28:41] /i 13914
[28/07/2025 18:29:33] /r
[28/07/2025 18:29:39] /i 13914
[28/07/2025 18:31:39] /reload actions
[28/07/2025 18:32:05] /reload actions
[28/07/2025 18:32:09] /reload actions
[28/07/2025 18:32:40] /reload actions
[28/07/2025 18:33:19] /reload actions
[28/07/2025 18:34:47] /i 384
[28/07/2025 18:35:02] /r
[28/07/2025 18:37:05] /reload actions
[28/07/2025 18:40:34] /t
[28/07/2025 18:40:44] /cb ditto
[28/07/2025 18:41:06] /m lapas
[28/07/2025 18:41:11] /m lapras
[28/07/2025 18:41:58] /i 12403
[28/07/2025 18:42:06] /i 12404
[28/07/2025 18:42:11] /i 12405
[28/07/2025 18:43:50] !revert
[28/07/2025 18:45:02] !revert
[28/07/2025 18:46:06] !revert
[28/07/2025 18:47:27] !revert
[28/07/2025 18:48:15] /m moltres
[28/07/2025 18:48:23] !revert
[28/07/2025 18:50:11] /r
[28/07/2025 18:51:48] !revert
[28/07/2025 18:51:58] /m moltres
[28/07/2025 18:52:12] /r
[28/07/2025 18:52:25] /m magmar
[28/07/2025 18:52:48] /r
[28/07/2025 18:52:53] /m magmortar
[28/07/2025 18:52:59] /m magmotar
[28/07/2025 18:53:24] /m steelix
